# JRE version: Java(TM) SE Runtime Environment (17.0.11+7) (build 17.0.11+7-LTS-207)
# Java VM: Java HotSpot(TM) 64-Bit Server VM (17.0.11+7-LTS-207, mixed mode, sharing, tiered, compressed oops, compressed class ptrs, g1 gc, windows-amd64)
GC Precious Log:
 CPUs: 8 total, 8 available
 Memory: 7975M
 Large Page Support: Disabled
 NUMA Support: Disabled
 Compressed Oops: Enabled (32-bit)
 Heap Region Size: 1M
 Heap Min Capacity: 8M
 Heap Initial Capacity: 126M
 Heap Max Capacity: 1994M
 Pre-touch: Disabled
 Parallel Workers: 8
 Concurrent Workers: 2
 Concurrent Refinement Workers: 8
 Periodic GC: Disabled
Heap:
 garbage-first heap   total 432128K, used 183811K [0x0000000083600000, 0x0000000100000000)
  region size 1024K, 31 young (31744K), 3 survivors (3072K)
 Metaspace       used 81610K, committed 82368K, reserved 1179648K
  class space    used 11161K, committed 11520K, reserved 1048576K
GC Heap History (20 events):
Event: 56.978 GC heap before
{Heap before GC invocations=37 (full 0):
 garbage-first heap   total 432128K, used 224814K [0x0000000083600000, 0x0000000100000000)
  region size 1024K, 32 young (32768K), 1 survivors (1024K)
 Metaspace       used 78334K, committed 79040K, reserved 1179648K
  class space    used 10997K, committed 11328K, reserved 1048576K
}
Event: 56.981 GC heap after
{Heap after GC invocations=38 (full 0):
 garbage-first heap   total 432128K, used 111558K [0x0000000083600000, 0x0000000100000000)
  region size 1024K, 2 young (2048K), 2 survivors (2048K)
 Metaspace       used 78334K, committed 79040K, reserved 1179648K
  class space    used 10997K, committed 11328K, reserved 1048576K
}
Event: 126.645 GC heap before
{Heap before GC invocations=38 (full 0):
 garbage-first heap   total 432128K, used 270278K [0x0000000083600000, 0x0000000100000000)
  region size 1024K, 77 young (78848K), 2 survivors (2048K)
 Metaspace       used 79924K, committed 80704K, reserved 1179648K
  class space    used 11141K, committed 11520K, reserved 1048576K
}
Event: 126.649 GC heap after
{Heap after GC invocations=39 (full 0):
 garbage-first heap   total 432128K, used 109089K [0x0000000083600000, 0x0000000100000000)
  region size 1024K, 2 young (2048K), 2 survivors (2048K)
 Metaspace       used 79924K, committed 80704K, reserved 1179648K
  class space    used 11141K, committed 11520K, reserved 1048576K
}
Event: 147.177 GC heap before
{Heap before GC invocations=39 (full 0):
 garbage-first heap   total 432128K, used 221729K [0x0000000083600000, 0x0000000100000000)
  region size 1024K, 29 young (29696K), 2 survivors (2048K)
 Metaspace       used 80142K, committed 80960K, reserved 1179648K
  class space    used 11142K, committed 11520K, reserved 1048576K
}
Event: 147.180 GC heap after
{Heap after GC invocations=40 (full 0):
 garbage-first heap   total 432128K, used 111162K [0x0000000083600000, 0x0000000100000000)
  region size 1024K, 2 young (2048K), 2 survivors (2048K)
 Metaspace       used 80142K, committed 80960K, reserved 1179648K
  class space    used 11142K, committed 11520K, reserved 1048576K
}
Event: 166.704 GC heap before
{Heap before GC invocations=40 (full 0):
 garbage-first heap   total 432128K, used 216634K [0x0000000083600000, 0x0000000100000000)
  region size 1024K, 24 young (24576K), 2 survivors (2048K)
 Metaspace       used 80322K, committed 81088K, reserved 1179648K
  class space    used 11144K, committed 11520K, reserved 1048576K
}
Event: 166.708 GC heap after
{Heap after GC invocations=41 (full 0):
 garbage-first heap   total 432128K, used 111200K [0x0000000083600000, 0x0000000100000000)
  region size 1024K, 3 young (3072K), 3 survivors (3072K)
 Metaspace       used 80322K, committed 81088K, reserved 1179648K
  class space    used 11144K, committed 11520K, reserved 1048576K
}
Event: 181.714 GC heap before
{Heap before GC invocations=41 (full 0):
 garbage-first heap   total 432128K, used 221792K [0x0000000083600000, 0x0000000100000000)
  region size 1024K, 30 young (30720K), 3 survivors (3072K)
 Metaspace       used 80572K, committed 81344K, reserved 1179648K
  class space    used 11144K, committed 11520K, reserved 1048576K
}
Event: 181.717 GC heap after
{Heap after GC invocations=42 (full 0):
 garbage-first heap   total 432128K, used 110688K [0x0000000083600000, 0x0000000100000000)
  region size 1024K, 4 young (4096K), 4 survivors (4096K)
 Metaspace       used 80572K, committed 81344K, reserved 1179648K
  class space    used 11144K, committed 11520K, reserved 1048576K
}
Event: 339.907 GC heap before
{Heap before GC invocations=42 (full 0):
 garbage-first heap   total 432128K, used 232544K [0x0000000083600000, 0x0000000100000000)
  region size 1024K, 40 young (40960K), 4 survivors (4096K)
 Metaspace       used 80820K, committed 81600K, reserved 1179648K
  class space    used 11150K, committed 11520K, reserved 1048576K
}
Event: 339.941 GC heap after
{Heap after GC invocations=43 (full 0):
 garbage-first heap   total 432128K, used 108292K [0x0000000083600000, 0x0000000100000000)
  region size 1024K, 3 young (3072K), 3 survivors (3072K)
 Metaspace       used 80820K, committed 81600K, reserved 1179648K
  class space    used 11150K, committed 11520K, reserved 1048576K
}
Event: 418.358 GC heap before
{Heap before GC invocations=43 (full 0):
 garbage-first heap   total 432128K, used 217860K [0x0000000083600000, 0x0000000100000000)
  region size 1024K, 26 young (26624K), 3 survivors (3072K)
 Metaspace       used 80916K, committed 81664K, reserved 1179648K
  class space    used 11150K, committed 11520K, reserved 1048576K
}
Event: 418.370 GC heap after
{Heap after GC invocations=44 (full 0):
 garbage-first heap   total 432128K, used 110283K [0x0000000083600000, 0x0000000100000000)
  region size 1024K, 3 young (3072K), 3 survivors (3072K)
 Metaspace       used 80916K, committed 81664K, reserved 1179648K
  class space    used 11150K, committed 11520K, reserved 1048576K
}
Event: 421.820 GC heap before
{Heap before GC invocations=44 (full 0):
 garbage-first heap   total 432128K, used 241355K [0x0000000083600000, 0x0000000100000000)
  region size 1024K, 49 young (50176K), 3 survivors (3072K)
 Metaspace       used 81167K, committed 81920K, reserved 1179648K
  class space    used 11159K, committed 11520K, reserved 1048576K
}
Event: 421.833 GC heap after
{Heap after GC invocations=45 (full 0):
 garbage-first heap   total 432128K, used 110826K [0x0000000083600000, 0x0000000100000000)
  region size 1024K, 4 young (4096K), 4 survivors (4096K)
 Metaspace       used 81167K, committed 81920K, reserved 1179648K
  class space    used 11159K, committed 11520K, reserved 1048576K
}
Event: 448.848 GC heap before
{Heap before GC invocations=45 (full 0):
 garbage-first heap   total 432128K, used 257258K [0x0000000083600000, 0x0000000100000000)
  region size 1024K, 64 young (65536K), 4 survivors (4096K)
 Metaspace       used 81331K, committed 82112K, reserved 1179648K
  class space    used 11159K, committed 11520K, reserved 1048576K
}
Event: 448.858 GC heap after
{Heap after GC invocations=46 (full 0):
 garbage-first heap   total 432128K, used 108764K [0x0000000083600000, 0x0000000100000000)
  region size 1024K, 3 young (3072K), 3 survivors (3072K)
 Metaspace       used 81331K, committed 82112K, reserved 1179648K
  class space    used 11159K, committed 11520K, reserved 1048576K
}
Event: 451.651 GC heap before
{Heap before GC invocations=46 (full 0):
 garbage-first heap   total 432128K, used 236764K [0x0000000083600000, 0x0000000100000000)
  region size 1024K, 44 young (45056K), 3 survivors (3072K)
 Metaspace       used 81488K, committed 82240K, reserved 1179648K
  class space    used 11161K, committed 11520K, reserved 1048576K
}
Event: 451.658 GC heap after
{Heap after GC invocations=47 (full 0):
 garbage-first heap   total 432128K, used 110083K [0x0000000083600000, 0x0000000100000000)
  region size 1024K, 3 young (3072K), 3 survivors (3072K)
 Metaspace       used 81488K, committed 82240K, reserved 1179648K
  class space    used 11161K, committed 11520K, reserved 1048576K
}

